[12Jul2022 00:02:12.667] [Server thread/WARN] [net.minecraft.server.MinecraftServer/]: Can't keep up! Is the server overloaded? Running 2041ms or 40 ticks behind
[12Jul2022 00:15:58.497] [Server thread/INFO] [net.minecraft.network.play.ServerPlayNetHandler/]: FirstLord15 lost connection: Disconnected
[12Jul2022 00:15:58.497] [Server thread/INFO] [net.minecraft.server.dedicated.DedicatedServer/]: FirstLord15 left the game
[12Jul2022 00:19:23.174] [Netty Server IO #0/INFO] [codechicken.lib.config.ConfigSyncManager/]: Skipping config sync, No mods have registered a syncable config.
[12Jul2022 00:19:24.892] [Server thread/INFO] [net.minecraftforge.common.AdvancementLoadFix/]: Using new advancement loading for net.minecraft.advancements.PlayerAdvancements@7c37a32c
[12Jul2022 00:19:24.901] [Server thread/INFO] [net.minecraft.server.management.PlayerList/]: FirstLord15[/93.80.87.126:64975] logged in with entity id 39816 at (-218.0315421498165, 61.0, -108.41641597682447)
[12Jul2022 00:19:24.908] [Server thread/INFO] [net.minecraft.server.dedicated.DedicatedServer/]: FirstLord15 joined the game
[12Jul2022 00:19:24.928] [Server thread/INFO] [capsule.loot.StarterLoot/]: playerLogin: already received starters
[12Jul2022 00:52:54.262] [Server thread/WARN] [net.minecraft.server.MinecraftServer/]: Can't keep up! Is the server overloaded? Running 4536ms or 90 ticks behind
[12Jul2022 00:53:16.376] [Server thread/WARN] [net.minecraft.server.MinecraftServer/]: Can't keep up! Is the server overloaded? Running 7150ms or 143 ticks behind
[12Jul2022 00:55:46.784] [Server thread/WARN] [net.minecraft.server.MinecraftServer/]: Can't keep up! Is the server overloaded? Running 3794ms or 75 ticks behind
[12Jul2022 01:01:21.867] [Server thread/WARN] [net.minecraft.server.MinecraftServer/]: Can't keep up! Is the server overloaded? Running 2320ms or 46 ticks behind
[12Jul2022 01:04:20.653] [Server thread/INFO] [net.minecraft.server.dedicated.DedicatedServer/]: FirstLord15 died because of Creeper
[12Jul2022 01:15:03.124] [Server thread/WARN] [net.minecraft.server.MinecraftServer/]: Can't keep up! Is the server overloaded? Running 2114ms or 42 ticks behind
[12Jul2022 01:17:17.662] [Server thread/WARN] [net.minecraft.server.MinecraftServer/]: Can't keep up! Is the server overloaded? Running 3341ms or 66 ticks behind
[12Jul2022 01:20:48.657] [Server thread/WARN] [net.minecraft.server.management.PlayerInteractionManager/]: Mismatch in destroy block pos: BlockPos{x=-187, y=72, z=-117} BlockPos{x=-187, y=73, z=-117}
[12Jul2022 01:20:48.671] [Server thread/WARN] [net.minecraft.server.management.PlayerInteractionManager/]: Mismatch in destroy block pos: BlockPos{x=-187, y=72, z=-117} BlockPos{x=-187, y=73, z=-117}
[12Jul2022 01:20:48.722] [Server thread/WARN] [net.minecraft.server.management.PlayerInteractionManager/]: Mismatch in destroy block pos: BlockPos{x=-187, y=72, z=-117} BlockPos{x=-187, y=73, z=-117}
[12Jul2022 01:20:48.774] [Server thread/WARN] [net.minecraft.server.management.PlayerInteractionManager/]: Mismatch in destroy block pos: BlockPos{x=-187, y=72, z=-117} BlockPos{x=-187, y=73, z=-117}
[12Jul2022 01:20:48.822] [Server thread/WARN] [net.minecraft.server.management.PlayerInteractionManager/]: Mismatch in destroy block pos: BlockPos{x=-187, y=69, z=-117} BlockPos{x=-187, y=73, z=-117}
[12Jul2022 01:20:48.872] [Server thread/WARN] [net.minecraft.server.management.PlayerInteractionManager/]: Mismatch in destroy block pos: BlockPos{x=-187, y=69, z=-117} BlockPos{x=-187, y=73, z=-117}
[12Jul2022 01:36:08.311] [Netty Server IO #6/INFO] [codechicken.lib.config.ConfigSyncManager/]: Skipping config sync, No mods have registered a syncable config.
[12Jul2022 01:36:24.552] [Server thread/INFO] [net.minecraft.network.play.ServerPlayNetHandler/]: FirstLord15 lost connection: Timed out
[12Jul2022 01:36:24.553] [Server thread/INFO] [net.minecraft.server.dedicated.DedicatedServer/]: FirstLord15 left the game
[12Jul2022 01:36:38.433] [Server thread/INFO] [net.minecraft.network.login.ServerLoginNetHandler/]: Disconnecting com.mojang.authlib.GameProfile@17a37d6d[id=<null>,name=FirstLord15,properties={},legacy=false] (/93.80.87.126:64671): Took too long to log in
[12Jul2022 01:36:38.461] [Server thread/INFO] [net.minecraft.network.login.ServerLoginNetHandler/]: com.mojang.authlib.GameProfile@17a37d6d[id=<null>,name=FirstLord15,properties={},legacy=false] (/93.80.87.126:64671) lost connection: Took too long to log in
[12Jul2022 01:40:23.573] [Netty Server IO #8/INFO] [codechicken.lib.config.ConfigSyncManager/]: Skipping config sync, No mods have registered a syncable config.
[12Jul2022 01:40:25.342] [Server thread/INFO] [net.minecraftforge.common.AdvancementLoadFix/]: Using new advancement loading for net.minecraft.advancements.PlayerAdvancements@48c69cbf
[12Jul2022 01:40:25.351] [Server thread/INFO] [net.minecraft.server.management.PlayerList/]: FirstLord15[/93.80.87.126:64943] logged in with entity id 48221 at (-192.99660988380506, 66.0, -119.45271128919362)
[12Jul2022 01:40:25.358] [Server thread/INFO] [net.minecraft.server.dedicated.DedicatedServer/]: FirstLord15 joined the game
[12Jul2022 01:40:25.377] [Server thread/INFO] [capsule.loot.StarterLoot/]: playerLogin: already received starters
[12Jul2022 01:41:01.862] [Server thread/INFO] [net.minecraft.server.dedicated.DedicatedServer/]: [FirstLord15: Teleported FirstLord15 to -192.5, 75.5, -109.5]
[12Jul2022 01:44:07.797] [Server thread/INFO] [net.minecraft.server.dedicated.DedicatedServer/]: [FirstLord15: Teleported FirstLord15 to -192.5, 75.5, -109.5]
[12Jul2022 01:47:41.867] [Server thread/INFO] [net.minecraft.server.dedicated.DedicatedServer/]: [FirstLord15: Teleported FirstLord15 to -192.5, 75.5, -109.5]
[12Jul2022 01:47:45.065] [Server thread/INFO] [net.minecraft.network.play.ServerPlayNetHandler/]: FirstLord15 lost connection: Disconnected
[12Jul2022 01:47:45.066] [Server thread/INFO] [net.minecraft.server.dedicated.DedicatedServer/]: FirstLord15 left the game
[12Jul2022 01:47:48.556] [Netty Server IO #10/INFO] [codechicken.lib.config.ConfigSyncManager/]: Skipping config sync, No mods have registered a syncable config.
[12Jul2022 01:47:50.425] [Server thread/INFO] [net.minecraftforge.common.AdvancementLoadFix/]: Using new advancement loading for net.minecraft.advancements.PlayerAdvancements@44314769
[12Jul2022 01:47:50.437] [Server thread/INFO] [net.minecraft.server.management.PlayerList/]: FirstLord15[/93.80.87.126:64981] logged in with entity id 49016 at (-192.36254475927578, 75.0, -112.21880143562176)
[12Jul2022 01:47:50.445] [Server thread/INFO] [net.minecraft.server.dedicated.DedicatedServer/]: FirstLord15 joined the game
[12Jul2022 01:47:50.471] [Server thread/INFO] [capsule.loot.StarterLoot/]: playerLogin: already received starters
[12Jul2022 01:48:38.148] [Server thread/INFO] [net.minecraft.network.play.ServerPlayNetHandler/]: FirstLord15 lost connection: Disconnected
[12Jul2022 01:48:38.149] [Server thread/INFO] [net.minecraft.server.dedicated.DedicatedServer/]: FirstLord15 left the game
[12Jul2022 03:09:14.431] [Server thread/WARN] [net.minecraft.server.MinecraftServer/]: Can't keep up! Is the server overloaded? Running 2279ms or 45 ticks behind
[12Jul2022 09:59:58.648] [Server thread/WARN] [net.minecraft.server.MinecraftServer/]: Can't keep up! Is the server overloaded? Running 4843ms or 96 ticks behind
[12Jul2022 10:01:05.087] [Server thread/WARN] [net.minecraft.server.MinecraftServer/]: Can't keep up! Is the server overloaded? Running 2234ms or 44 ticks behind
[12Jul2022 11:08:40.385] [Server thread/WARN] [net.minecraft.server.MinecraftServer/]: Can't keep up! Is the server overloaded? Running 2110ms or 42 ticks behind
[12Jul2022 11:19:37.544] [Server thread/WARN] [net.minecraft.server.MinecraftServer/]: Can't keep up! Is the server overloaded? Running 5168ms or 103 ticks behind
[12Jul2022 11:24:24.763] [Server thread/WARN] [net.minecraft.server.MinecraftServer/]: Can't keep up! Is the server overloaded? Running 2307ms or 46 ticks behind
[12Jul2022 11:27:29.915] [Server thread/WARN] [net.minecraft.server.MinecraftServer/]: Can't keep up! Is the server overloaded? Running 8389ms or 167 ticks behind
[12Jul2022 11:29:25.654] [Server thread/WARN] [net.minecraft.server.MinecraftServer/]: Can't keep up! Is the server overloaded? Running 2194ms or 43 ticks behind
[12Jul2022 11:29:43.422] [Server thread/WARN] [net.minecraft.server.MinecraftServer/]: Can't keep up! Is the server overloaded? Running 2894ms or 57 ticks behind
[12Jul2022 11:37:44.477] [Server thread/WARN] [net.minecraft.server.MinecraftServer/]: Can't keep up! Is the server overloaded? Running 5526ms or 110 ticks behind
[12Jul2022 11:48:04.222] [Server thread/WARN] [net.minecraft.server.MinecraftServer/]: Can't keep up! Is the server overloaded? Running 2037ms or 40 ticks behind
[12Jul2022 11:48:31.737] [Server thread/WARN] [net.minecraft.server.MinecraftServer/]: Can't keep up! Is the server overloaded? Running 2811ms or 56 ticks behind
[12Jul2022 12:16:08.993] [Server thread/WARN] [net.minecraft.server.MinecraftServer/]: Can't keep up! Is the server overloaded? Running 2812ms or 56 ticks behind
[12Jul2022 12:29:25.686] [Server thread/WARN] [net.minecraft.server.MinecraftServer/]: Can't keep up! Is the server overloaded? Running 5010ms or 100 ticks behind
[12Jul2022 12:30:46.033] [Server thread/WARN] [net.minecraft.server.MinecraftServer/]: Can't keep up! Is the server overloaded? Running 2257ms or 45 ticks behind
[12Jul2022 14:15:59.252] [Server thread/WARN] [net.minecraft.server.MinecraftServer/]: Can't keep up! Is the server overloaded? Running 4256ms or 85 ticks behind
[12Jul2022 16:27:04.116] [Server thread/WARN] [net.minecraft.server.MinecraftServer/]: Can't keep up! Is the server overloaded? Running 6340ms or 126 ticks behind
[12Jul2022 16:36:16.838] [Server thread/WARN] [net.minecraft.server.MinecraftServer/]: Can't keep up! Is the server overloaded? Running 2860ms or 57 ticks behind
[12Jul2022 17:12:04.445] [Server thread/WARN] [net.minecraft.server.MinecraftServer/]: Can't keep up! Is the server overloaded? Running 3469ms or 69 ticks behind
[12Jul2022 17:19:44.440] [Server thread/WARN] [net.minecraft.server.MinecraftServer/]: Can't keep up! Is the server overloaded? Running 2423ms or 48 ticks behind
[12Jul2022 17:22:07.491] [Server thread/WARN] [net.minecraft.server.MinecraftServer/]: Can't keep up! Is the server overloaded? Running 29215ms or 584 ticks behind
[12Jul2022 17:24:46.714] [Server thread/WARN] [net.minecraft.server.MinecraftServer/]: Can't keep up! Is the server overloaded? Running 2737ms or 54 ticks behind
[12Jul2022 17:25:39.103] [Server thread/WARN] [net.minecraft.server.MinecraftServer/]: Can't keep up! Is the server overloaded? Running 13067ms or 261 ticks behind
[12Jul2022 17:31:22.282] [Server thread/WARN] [net.minecraft.server.MinecraftServer/]: Can't keep up! Is the server overloaded? Running 2346ms or 46 ticks behind
[12Jul2022 17:34:18.119] [Server thread/WARN] [net.minecraft.server.MinecraftServer/]: Can't keep up! Is the server overloaded? Running 3014ms or 60 ticks behind
